2025-04-16 00:11:14 info: MongoDB Connected: ac-wuh0evw-shard-00-00.38ccw5z.mongodb.net
2025-04-16 00:14:55 info: Server running on port 5000
2025-04-16 00:14:56 info: MongoDB Connected: ac-wuh0evw-shard-00-00.38ccw5z.mongodb.net
2025-04-16 00:19:22 info: New user registered: admin@pharmainc.com with role manufacturer
2025-04-16 00:20:59 info: User logged in: admin@pharmainc.com
2025-04-16 00:29:08 info: New user registered: admin@cityhospital.com with role hospital
2025-04-16 00:30:50 info: User logged in: admin@pharmainc.com
2025-04-16 00:32:02 info: User logged in: admin@cityhospital.com
2025-04-16 00:33:42 error: User role hospital not authorized to access this route
2025-04-16 00:35:43 info: User logged in: admin@pharmainc.com
2025-04-16 00:36:47 error: User role hospital not authorized to access this route
2025-04-16 00:38:56 info: User logged in: admin@pharmainc.com
2025-04-16 00:40:13 error: Trial initiation error: Trial validation failed: initiationHash: Path `initiationHash` is required.
2025-04-16 00:43:37 error: Trial initiation error: Trial validation failed: initiationHash: Path `initiationHash` is required.
2025-04-16 01:10:51 error: Trial initiation error: Trial validation failed: initiationHash: Path `initiationHash` is required.
2025-04-16 01:10:58 error: Trial initiation error: Trial validation failed: initiationHash: Path `initiationHash` is required.
2025-04-16 01:11:22 info: Server running on port 5000
2025-04-16 01:11:22 info: MongoDB Connected: ac-wuh0evw-shard-00-00.38ccw5z.mongodb.net
2025-04-16 01:18:24 error: Trial initiation error: Trial validation failed: initiationHash: Path `initiationHash` is required.
2025-04-16 01:18:33 error: Trial initiation error: Trial validation failed: initiationHash: Path `initiationHash` is required.
2025-04-16 01:19:30 info: Server running on port 5000
2025-04-16 01:19:30 info: MongoDB Connected: ac-wuh0evw-shard-00-00.38ccw5z.mongodb.net
2025-04-16 11:36:38 info: Server running on port 5000
2025-04-16 11:36:39 info: MongoDB Connected: ac-wuh0evw-shard-00-00.38ccw5z.mongodb.net
2025-04-16 11:38:26 info: User logged in: admin@pharmainc.com
2025-04-16 11:40:26 error: Trial initiation error: Trial validation failed: initiationHash: Path `initiationHash` is required.
2025-04-16 11:41:45 info: Server running on port 5000
2025-04-16 11:41:46 info: MongoDB Connected: ac-wuh0evw-shard-00-00.38ccw5z.mongodb.net
2025-04-16 11:41:51 error: Trial initiation error: Trial validation failed: initiationHash: Path `initiationHash` is required.
2025-04-16 11:58:07 info: Server running on port 5000
2025-04-16 11:58:07 info: MongoDB Connected: ac-wuh0evw-shard-00-00.38ccw5z.mongodb.net
2025-04-16 11:58:16 error: Error storing hash on blockchain: Cannot read properties of undefined (reading 'JsonRpcProvider')
2025-04-16 11:58:16 error: Trial initiation error: Blockchain error: Cannot read properties of undefined (reading 'JsonRpcProvider')
2025-04-16 12:14:53 info: Server running on port 5000
2025-04-16 12:14:53 info: MongoDB Connected: ac-wuh0evw-shard-00-00.38ccw5z.mongodb.net
2025-04-16 12:15:35 info: User logged in: admin@pharmainc.com
2025-04-16 12:16:49 error: Trial initiation error: E11000 duplicate key error collection: test.trials index: trialCode_1 dup key: { trialCode: null }
2025-04-16 13:04:11 info: Server running on port 5000
2025-04-16 13:04:12 info: MongoDB Connected: ac-wuh0evw-shard-00-00.38ccw5z.mongodb.net
2025-04-16 13:04:23 error: Trial initiation error: E11000 duplicate key error collection: test.trials index: trialCode_1 dup key: { trialCode: null }
2025-04-16 13:39:14 info: Server running on port 5000
2025-04-16 13:39:14 info: MongoDB Connected: ac-wuh0evw-shard-00-00.38ccw5z.mongodb.net
2025-04-16 13:40:10 error: Trial initiation error: E11000 duplicate key error collection: test.trials index: trialCode_1 dup key: { trialCode: null }
2025-04-16 13:42:33 info: User logged in: admin@pharmainc.com
2025-04-16 13:43:47 info: Hash stored on blockchain. Transaction: undefined
2025-04-16 13:43:47 info: New trial initiated: 67ff66b436f853809007c760 for drug Covidex
2025-04-16 13:58:39 info: User logged in: admin@cityhospital.com
2025-04-16 14:01:24 info: Hash stored on blockchain. Transaction: undefined
2025-04-16 14:01:24 info: Hospital 67feac7cba8f41165fa203e5 accepted trial 67ff66b436f853809007c760
2025-04-16 14:10:55 error: Report submission error: Report validation failed: reportHash: Path `reportHash` is required.
2025-04-16 14:12:34 error: Report submission error: Report validation failed: reportHash: Path `reportHash` is required.
2025-04-16 14:12:51 info: Server running on port 5000
2025-04-16 14:12:51 info: MongoDB Connected: ac-wuh0evw-shard-00-00.38ccw5z.mongodb.net
2025-04-16 14:13:13 info: Hash stored on blockchain. Transaction: undefined
2025-04-16 14:13:13 info: New patient report submitted: 67ff6d915d044353fa13c3d8 for patient P12345
